# JRE version: OpenJDK Runtime Environment (17.0.2+8) (build 17.0.2+8-86)
# Java VM: OpenJDK 64-Bit Server VM (17.0.2+8-86, mixed mode, sharing, tiered, compressed oops, compressed class ptrs, g1 gc, windows-amd64)
GC Precious Log:
 CPUs: 4 total, 4 available
 Memory: 8057M
 Large Page Support: Disabled
 NUMA Support: Disabled
 Compressed Oops: Enabled (32-bit)
 Heap Region Size: 1M
 Heap Min Capacity: 8M
 Heap Initial Capacity: 126M
 Heap Max Capacity: 2016M
 Pre-touch: Disabled
 Parallel Workers: 4
 Concurrent Workers: 1
 Concurrent Refinement Workers: 4
 Periodic GC: Disabled
Heap:
 garbage-first heap   total 129024K, used 25647K [0x0000000082000000, 0x0000000100000000)
  region size 1024K, 1 young (1024K), 1 survivors (1024K)
 Metaspace       used 64709K, committed 65152K, reserved 1105920K
  class space    used 8414K, committed 8640K, reserved 1048576K
GC Heap History (20 events):
Event: 173536.280 GC heap after
{Heap after GC invocations=219 (full 0):
 garbage-first heap   total 53248K, used 25679K [0x0000000082000000, 0x0000000100000000)
  region size 1024K, 1 young (1024K), 1 survivors (1024K)
 Metaspace       used 64691K, committed 65152K, reserved 1105920K
  class space    used 8414K, committed 8640K, reserved 1048576K
}
Event: 174283.240 GC heap before
{Heap before GC invocations=220 (full 0):
 garbage-first heap   total 53248K, used 44111K [0x0000000082000000, 0x0000000100000000)
  region size 1024K, 19 young (19456K), 1 survivors (1024K)
 Metaspace       used 64691K, committed 65152K, reserved 1105920K
  class space    used 8414K, committed 8640K, reserved 1048576K
}
Event: 174283.246 GC heap after
{Heap after GC invocations=221 (full 0):
 garbage-first heap   total 53248K, used 25857K [0x0000000082000000, 0x0000000100000000)
  region size 1024K, 1 young (1024K), 1 survivors (1024K)
 Metaspace       used 64691K, committed 65152K, reserved 1105920K
  class space    used 8414K, committed 8640K, reserved 1048576K
}
Event: 175188.270 GC heap before
{Heap before GC invocations=221 (full 0):
 garbage-first heap   total 53248K, used 44289K [0x0000000082000000, 0x0000000100000000)
  region size 1024K, 19 young (19456K), 1 survivors (1024K)
 Metaspace       used 64691K, committed 65152K, reserved 1105920K
  class space    used 8414K, committed 8640K, reserved 1048576K
}
Event: 175188.562 GC heap after
{Heap after GC invocations=222 (full 0):
 garbage-first heap   total 53248K, used 25980K [0x0000000082000000, 0x0000000100000000)
  region size 1024K, 1 young (1024K), 1 survivors (1024K)
 Metaspace       used 64691K, committed 65152K, reserved 1105920K
  class space    used 8414K, committed 8640K, reserved 1048576K
}
Event: 175662.985 GC heap before
{Heap before GC invocations=223 (full 0):
 garbage-first heap   total 53248K, used 45436K [0x0000000082000000, 0x0000000100000000)
  region size 1024K, 20 young (20480K), 1 survivors (1024K)
 Metaspace       used 64697K, committed 65152K, reserved 1105920K
  class space    used 8414K, committed 8640K, reserved 1048576K
}
Event: 175663.027 GC heap after
{Heap after GC invocations=224 (full 0):
 garbage-first heap   total 53248K, used 26188K [0x0000000082000000, 0x0000000100000000)
  region size 1024K, 1 young (1024K), 1 survivors (1024K)
 Metaspace       used 64697K, committed 65152K, reserved 1105920K
  class space    used 8414K, committed 8640K, reserved 1048576K
}
Event: 176680.723 GC heap before
{Heap before GC invocations=224 (full 0):
 garbage-first heap   total 53248K, used 44620K [0x0000000082000000, 0x0000000100000000)
  region size 1024K, 19 young (19456K), 1 survivors (1024K)
 Metaspace       used 64697K, committed 65152K, reserved 1105920K
  class space    used 8414K, committed 8640K, reserved 1048576K
}
Event: 176680.753 GC heap after
{Heap after GC invocations=225 (full 0):
 garbage-first heap   total 53248K, used 26052K [0x0000000082000000, 0x0000000100000000)
  region size 1024K, 1 young (1024K), 1 survivors (1024K)
 Metaspace       used 64697K, committed 65152K, reserved 1105920K
  class space    used 8414K, committed 8640K, reserved 1048576K
}
Event: 177117.367 GC heap before
{Heap before GC invocations=226 (full 0):
 garbage-first heap   total 53248K, used 45508K [0x0000000082000000, 0x0000000100000000)
  region size 1024K, 20 young (20480K), 1 survivors (1024K)
 Metaspace       used 64700K, committed 65152K, reserved 1105920K
  class space    used 8414K, committed 8640K, reserved 1048576K
}
Event: 177117.437 GC heap after
{Heap after GC invocations=227 (full 0):
 garbage-first heap   total 53248K, used 26244K [0x0000000082000000, 0x0000000100000000)
  region size 1024K, 1 young (1024K), 1 survivors (1024K)
 Metaspace       used 64700K, committed 65152K, reserved 1105920K
  class space    used 8414K, committed 8640K, reserved 1048576K
}
Event: 177136.792 GC heap before
{Heap before GC invocations=227 (full 0):
 garbage-first heap   total 53248K, used 27268K [0x0000000082000000, 0x0000000100000000)
  region size 1024K, 2 young (2048K), 1 survivors (1024K)
 Metaspace       used 64700K, committed 65152K, reserved 1105920K
  class space    used 8414K, committed 8640K, reserved 1048576K
}
Event: 177137.185 GC heap after
{Heap after GC invocations=228 (full 0):
 garbage-first heap   total 53248K, used 25734K [0x0000000082000000, 0x0000000100000000)
  region size 1024K, 1 young (1024K), 1 survivors (1024K)
 Metaspace       used 64700K, committed 65152K, reserved 1105920K
  class space    used 8414K, committed 8640K, reserved 1048576K
}
Event: 178101.092 GC heap before
{Heap before GC invocations=228 (full 0):
 garbage-first heap   total 53248K, used 44166K [0x0000000082000000, 0x0000000100000000)
  region size 1024K, 19 young (19456K), 1 survivors (1024K)
 Metaspace       used 64700K, committed 65152K, reserved 1105920K
  class space    used 8414K, committed 8640K, reserved 1048576K
}
Event: 178101.129 GC heap after
{Heap after GC invocations=229 (full 0):
 garbage-first heap   total 53248K, used 25628K [0x0000000082000000, 0x0000000100000000)
  region size 1024K, 1 young (1024K), 1 survivors (1024K)
 Metaspace       used 64700K, committed 65152K, reserved 1105920K
  class space    used 8414K, committed 8640K, reserved 1048576K
}
Event: 178805.045 GC heap before
{Heap before GC invocations=230 (full 0):
 garbage-first heap   total 53248K, used 45084K [0x0000000082000000, 0x0000000100000000)
  region size 1024K, 20 young (20480K), 1 survivors (1024K)
 Metaspace       used 64705K, committed 65152K, reserved 1105920K
  class space    used 8414K, committed 8640K, reserved 1048576K
}
Event: 178805.073 GC heap after
{Heap after GC invocations=231 (full 0):
 garbage-first heap   total 53248K, used 25959K [0x0000000082000000, 0x0000000100000000)
  region size 1024K, 1 young (1024K), 1 survivors (1024K)
 Metaspace       used 64705K, committed 65152K, reserved 1105920K
  class space    used 8414K, committed 8640K, reserved 1048576K
}
Event: 178805.108 GC heap before
{Heap before GC invocations=231 (full 0):
 garbage-first heap   total 53248K, used 26983K [0x0000000082000000, 0x0000000100000000)
  region size 1024K, 2 young (2048K), 1 survivors (1024K)
 Metaspace       used 64705K, committed 65152K, reserved 1105920K
  class space    used 8414K, committed 8640K, reserved 1048576K
}
Event: 178805.241 GC heap after
{Heap after GC invocations=232 (full 0):
 garbage-first heap   total 53248K, used 25467K [0x0000000082000000, 0x0000000100000000)
  region size 1024K, 1 young (1024K), 1 survivors (1024K)
 Metaspace       used 64705K, committed 65152K, reserved 1105920K
  class space    used 8414K, committed 8640K, reserved 1048576K
}
Event: 179577.515 GC heap before
{Heap before GC invocations=232 (full 0):
 garbage-first heap   total 53248K, used 44923K [0x0000000082000000, 0x0000000100000000)
  region size 1024K, 20 young (20480K), 1 survivors (1024K)
 Metaspace       used 64709K, committed 65152K, reserved 1105920K
  class space    used 8414K, committed 8640K, reserved 1048576K
}

